 385.156233823 4.7054563561381115e-05 4.808819943822608e-05
 382.050910966 1.4477559249517433e-06 1.4780041660127262e-06
 375.418816808 5.7699183341899786e-05 5.8973150249677676e-05
 374.635390364 3.850226578780103e-05 3.934863979854312e-05
 374.414208186 6.211351344611403e-06 6.347183051848861e-06
 371.956193752 5.047088287665716e-05 5.157932541511514e-05
 371.145753087 8.926687663652154e-07 9.120010560205288e-07
 370.373482557 3.668965574716706e-05 3.7493658749046355e-05
 368.712142323 1.0646828629888475e-06 1.0879411289648896e-06
 367.4920581 4.43548770463737e-06 4.533287572059984e-06
 365.950958674 3.765881084540486e-06 3.848811237099531e-06
 365.341676822 1.0882552499541377e-06 1.1121501547233421e-06
 365.11232256 8.289808895088549e-10 8.477118264376004e-10
 363.621512706 1.8965818154655047e-06 1.9388244887042883e-06
 363.314268795 3.542323255316102e-09 3.62330274584634e-09
 363.080850861 1.2069273139280703e-05 1.233525475934261e-05
 362.485509432 4.2671501023116043e-07 4.3622627183756996e-07
 361.970937961 1.3798357063870114e-08 1.2185621325347235e-08
 361.943262679 6.094304810457631e-07 6.250012391096858e-07
 361.296231185 6.097264983019868e-11 6.228319448846486e-11
 361.224624872 2.325576938134018e-08 2.3771528861840355e-08
 360.978524456 3.2809598229233897e-06 3.354069967533791e-06
 360.382745126 4.222797973664305e-07 4.3057813577946756e-07
 360.302398765 2.3079276405444404e-06 2.3585938528265677e-06
 360.15328739 7.197075167950575e-08 7.362896984771674e-08
 358.852567156 3.956075407213212e-08 4.041205625945715e-08
 358.108511964 2.6817819529138694e-08 2.740454816133242e-08
 357.846049951 1.8388508111379646e-06 1.8792033516682378e-06
 357.73269855 3.2082439034487185e-08 3.2787904112311504e-08
 357.141904555 4.346232850721638e-08 4.4448783422992144e-08
 383.571882844 2.5043443121551385e-05 2.559444036714889e-05
 376.165688637 4.954414626136906e-09 5.065119677714097e-09
 374.621762107 9.772146723193347e-06 9.98800285972228e-06
 373.527986096 9.953151664578653e-06 1.017133573260026e-05
 372.669306991 4.607537598514981e-09 4.7410137286529966e-09
 372.626715353 3.6376010957730094e-06 3.71726315139167e-06
 369.558369993 9.742790013817955e-07 9.95566906022679e-07
 368.776134369 6.994759977072657e-08 7.15559125569832e-08
 366.89780719 7.216467879997002e-08 7.375769450018634e-08
 366.794918126 2.7988190105491145e-11 2.778043929179314e-11
 366.3223641 2.194615907623342e-09 2.2430523015444826e-09
 364.685484683 6.045968615479514e-09 6.182867775597294e-09
 364.107934672 6.429492711437012e-08 6.572522201666511e-08
 363.820525224 2.1276650941389828e-10 2.1734589182007605e-10
 363.567574382 2.444844471671744e-12 2.4169436931374105e-12
 363.296063335 6.666714969523144e-09 6.800278582332948e-09
 363.194876946 1.204574068288388e-10 1.2661872888218211e-10
 362.428271501 1.6352051924841912e-07 1.6724568434099374e-07
 361.746272791 1.9135401857507833e-09 1.956125751773122e-09
 361.573833521 1.0502595763810973e-10 1.0740299701845716e-10
 361.392918758 1.2430552109412443e-07 1.2712970128633115e-07
 360.807741852 6.6800040687103305e-09 6.832380136657449e-09
 360.722070926 6.2534752375881e-09 6.393926133711314e-09
 360.113774331 4.772239141304354e-08 4.877680081147778e-08
 358.616079435 1.6717639812235605e-08 1.7083298587411715e-08
 358.216492306 2.9896124001755884e-08 3.054638822943703e-08
 357.867960767 5.379212789924668e-08 5.49826850956964e-08
 357.444969993 7.965661953605912e-09 8.14133558913062e-09
 356.855452428 5.910828759356994e-09 6.039844508073225e-09
 356.220894697 3.459877179543775e-08 3.535006201116905e-08
 383.571886171 0.0001498205092319406 0.0001531154256219736
 376.165684323 5.382346691029387e-05 5.500294015693479e-05
 374.621765127 4.8116834437908396e-05 4.91807200789809e-05
 373.527984488 3.831195237360813e-05 3.9151869707490445e-05
 372.66930277 3.574045945826239e-06 3.652257730604951e-06
 372.626709786 5.819729107822915e-05 5.9474286331878306e-05
 369.558375334 3.754523850176156e-06 3.838176199910999e-06
 368.776130843 7.757268208755826e-05 7.927880502104673e-05
 366.89780393 4.4333232540059796e-05 4.529794360329903e-05
 366.794914266 4.3860862244746445e-06 4.483184270137722e-06
 366.322362202 1.943181386720879e-08 1.9787583718371737e-08
 364.685491548 5.23038263683454e-07 5.342916012414824e-07
 364.1079429 2.6384869278408737e-06 2.696470458383369e-06
 363.820523048 1.0655881614298075e-05 1.0889705719714953e-05
 363.567576993 2.3675601100404063e-07 2.419646921422081e-07
 363.296066221 4.184675022935779e-07 4.2863692526715686e-07
 363.194886074 1.3029609234170749e-06 1.3305233858844752e-06
 362.428268709 7.422914979501738e-07 7.591754277381804e-07
 361.746277904 7.1718281624141525e-06 7.329595829591472e-06
 361.573831008 5.194674962754022e-07 5.308771279384494e-07
 361.392917975 1.1991636709142067e-06 1.2260731157906193e-06
 360.807753957 9.672413455310447e-07 9.883396023898145e-07
 360.722065025 3.3302227924895283e-06 3.402209418894019e-06
 360.113770543 3.6295701019243186e-06 3.710870731503429e-06
 358.616089394 3.880351218866773e-07 3.964658481693069e-07
 358.216493584 9.793218486003067e-08 1.0007716527918315e-07
 357.86795705 2.742143626593753e-06 2.8031522860044304e-06
 357.444968393 5.667832096600131e-07 5.789366916228316e-07
 356.855459182 5.4445961214352574e-08 5.5666596358995196e-08
 356.22089917 1.0045692563660773e-07 1.0261722834261098e-07
 374.925302087 6.528479942418062e-06 6.671182967314285e-06
 374.658218829 4.025406699597304e-05 4.113892634513842e-05
 374.424396838 4.759279407089867e-06 4.8633543240357505e-06
 373.650201185 3.760203129570366e-05 3.8428608320744674e-05
 371.663224755 9.947425838712737e-07 1.0163112681298382e-06
 371.164013023 8.725650546043179e-07 8.914406202709989e-07
 370.382442002 3.696126585704353e-05 3.7771209934908624e-05
 369.106753984 3.665015249915204e-05 3.7453563027856354e-05
 365.348742383 1.190170198967717e-06 1.216033267976068e-06
 365.115236274 3.094526951261865e-10 3.161719843929066e-10
 364.05274944 4.702738905390659e-07 4.8069546426203e-07
 363.358656527 2.57189029240273e-09 2.6264225247229124e-09
 362.031509407 6.135029810694614e-07 6.273193926609489e-07
 361.969106292 8.053233735472636e-09 8.114010026967748e-09
 361.794708898 7.274122266030986e-07 7.437101221788303e-07
 361.306560382 7.972170771160283e-11 8.067437117198348e-11
 361.016616901 3.2594644105473673e-06 3.3316049289041925e-06
 360.451915347 4.2266008576871617e-07 4.318430798745663e-07
 360.273991121 8.427727617734018e-07 8.608340199795087e-07
 360.223872852 2.3709602413743593e-06 2.423727467520065e-06
 360.196867077 8.545832836540101e-08 8.741335986509632e-08
 359.984140728 5.2256716954510984e-08 5.3433793705376213e-08
 358.916173853 3.434161815010489e-08 3.5082796164840816e-08
 358.4764372 1.4092926494338519e-06 1.4404315181109098e-06
 357.736461203 3.0893807034851746e-08 3.158097663372717e-08
 356.98635912 8.178041604273639e-07 8.359437366617792e-07
 356.934533191 9.32426433341432e-08 9.531640681562667e-08
 356.729663785 1.1539933735975357e-07 1.1794514535829123e-07
 356.097738463 4.432460768216008e-07 4.5295979655540813e-07
 354.952585892 4.829213860588717e-07 4.935890732731873e-07
