 480.351363017 8.821064287449252e-05
 478.264761607 4.374796528050904e-05
 475.170597338 4.1760644339142685e-06
 471.035984219 1.0501643197032415e-06
 470.718498887 3.0780583196358413e-06
 469.1751916 4.948647954629725e-07
 469.117031477 4.589157461021573e-07
 462.427112696 1.648907738059076e-06
 460.923596251 6.345616322579744e-07
 460.564500973 1.4534500688897358e-06
 456.878688226 1.1002905968137514e-06
 456.530993855 1.786995075931098e-07
 455.164622497 7.030372492275769e-07
 453.693430735 6.928582222467064e-07
 452.504136119 1.565769129492513e-08
 451.913115776 1.1415069189469723e-07
 450.958445656 6.282709902181677e-07
 450.614697442 5.612065661492483e-07
 449.215661986 1.7420980045924735e-06
 448.123274116 8.25054008098973e-07
 499.490460378 2.5181832734999258e-05
 481.49527474 0.00011433084952320738
 477.158245711 3.7671637083552046e-07
 475.605874788 2.6611533008181335e-06
 473.821363802 3.251772173538789e-06
 473.072606298 7.04571791230724e-07
 470.87786787 2.079667171976977e-07
 470.661642001 6.999134709131605e-07
 468.730244296 8.633731427712324e-07
 463.238129151 1.991112137148517e-08
 462.295092472 1.3498893644757917e-07
 460.219699507 1.5225950242090323e-09
 459.785821996 1.6309268886959579e-06
 458.43297487 1.5279278024489555e-07
 456.692246284 4.5706996632520145e-08
 454.647148922 2.630444813209934e-07
 454.041450334 4.3721074904632705e-08
 452.104627317 4.878526323797918e-07
 451.188036123 1.2809571981621532e-07
 450.878114785 6.023989440351477e-08
 493.393661869 2.4231575939842203e-05
 477.754145888 1.93591071010801e-06
 476.601263063 3.712539561926103e-05
 474.746888758 7.076183402157627e-05
 471.561506839 2.1149355503456948e-06
 469.861833522 1.4509495185220577e-06
 467.906267188 3.2992314736733487e-06
 467.687022028 4.7894554823935394e-08
 467.061373701 6.282727459173002e-07
 466.170510453 5.262901377678239e-07
 463.239416728 8.676790173529173e-07
 458.814856192 8.794354690461037e-08
 458.474300033 3.8817258775315176e-08
 455.762140405 4.008304120024109e-07
 454.840991808 7.661129799009725e-07
 454.07632793 1.8150420247459788e-07
 452.563202724 3.9862494258370707e-08
 451.786930349 2.5898278892102835e-09
 451.253793423 6.631912322009095e-08
 448.830211539 6.3014019606368515e-09
 495.262171105 3.159232230447992e-08
 477.052775841 6.013936877665258e-10
 475.550715458 6.343112543620367e-09
 475.170917604 2.4687432825126085e-07
 474.527089992 3.5248708429865208e-09
 470.274484809 1.5899449323150206e-07
 469.185268075 5.209053009165714e-07
 467.617592313 8.250952960708473e-08
 467.183021539 1.1350310211709552e-07
 466.562487238 4.817602770136351e-10
 462.766963079 7.754778185915254e-09
 462.354528743 2.8309009981030016e-09
 459.934408619 1.884363162171305e-08
 458.075131834 1.2054402434958865e-08
 456.574293958 4.862892311354086e-07
 453.620217856 1.797720784977704e-10
 452.851707531 5.143635374964852e-10
 451.785998002 2.959500622787666e-10
 451.091241769 8.293237992834751e-10
 450.682518356 1.26070555266971e-09
