 273.451159666 7.281628236465065e-05
 267.290256097 2.2785636888081058e-05
 264.120793724 3.585173125267295e-05
 263.277332996 8.441777539453194e-05
 262.115072238 3.0935292220250745e-05
 258.173464615 6.626612764964937e-07
 255.823345988 2.3548725552425375e-06
 254.999575658 5.35796084930958e-06
 270.20821669 3.0390460689747288e-05
 264.233375431 6.197773187622229e-07
 259.79064663 3.0385619806198338e-09
 259.212216466 2.7711563326264984e-06
 258.816542789 9.937183752049963e-08
 258.17820681 1.8658950275545127e-06
 256.554308761 4.880346724288006e-08
 255.221431106 3.2786189703212433e-07
 270.20821669 0.00019316474915394725
 264.233375431 0.0001656384669945405
 259.79064663 0.00018327805912041046
 259.212216466 6.970961252545402e-05
 258.816542789 6.826502278270881e-05
 258.17820681 5.571107923676763e-06
 256.554308761 2.3385802623866635e-05
 255.221431106 1.5958587260339534e-06
 264.131277548 2.1159020841031122e-05
 264.069096495 3.577787494902996e-05
 262.080112376 3.081108054630955e-05
 261.524501651 4.671522976636444e-05
 255.910993196 2.432583465988866e-06
 255.778719703 2.426339410107824e-06
 254.486109265 4.56444112754659e-06
 253.88080705 6.579457130918901e-06
