 498.157987913 0.0010888443508758762
 493.593460185 0.0008175372153497055
 486.169238152 0.0010235738928016265
 478.020905774 3.6376168578494296e-05
 473.543865663 0.0006316102338023451
 472.172641793 1.0567919786883023e-06
 469.888288437 2.6796940089898087e-05
 469.268957021 3.63828266930467e-06
 468.064220765 7.786686809573659e-07
 466.523342541 1.089932262766174e-05
 461.347584279 2.4287340938641917e-07
 460.018445912 2.684637036975268e-06
 458.892666004 6.007174164618266e-05
 456.066461025 0.0002236715951002343
 455.202930806 1.6881485495165405e-05
 452.618700385 3.8697713113849466e-07
 451.766762039 1.5113506550003437e-08
 451.574755468 1.547136842390855e-05
 450.347575774 3.941718132702562e-05
 450.229115844 3.2570066764952788e-06
 496.964102578 0.0010339822898549381
 476.271364173 9.304650350445678e-06
 476.223672253 0.00038708411308900544
 472.39918829 0.0001880857394937518
 471.476768949 4.66908917000607e-06
 470.515600372 9.21368972831553e-06
 469.885274442 2.1522142013548004e-07
 468.409113226 1.9820819574270175e-05
 462.137117415 1.4610016073701848e-06
 459.97450717 6.440419241557982e-08
 457.747922274 1.5896788155613454e-06
 454.480655411 8.855365986602438e-07
 453.579449195 1.4212655479477667e-06
 452.17572658 1.8914672879178077e-09
 451.141393008 1.4992832376388497e-08
 449.423562207 1.2051809895864865e-07
 447.92495306 7.383561366649855e-08
 447.494140719 4.043853838264838e-08
 446.856775569 5.983172201026906e-08
 443.489047839 6.434642350647506e-08
 491.267551025 0.000987004884892379
 476.328870167 3.1032279256405002e-06
 474.681758683 9.424613872824931e-06
 470.473189842 9.209320790475574e-07
 469.074919856 0.00036150984556040873
 467.216924879 3.243958934512953e-06
 466.793964111 3.76108752575299e-07
 466.089234972 0.0001855902966123233
 465.269618664 1.724997693687313e-05
 462.787413977 5.090199300597535e-06
 458.044243622 6.477996595481974e-07
 454.321508508 4.2355311902595014e-08
 453.687271543 4.907311235875105e-06
 450.609373885 3.7197528241260887e-07
 448.383316544 8.558735516680073e-07
 447.623390513 2.639805632577126e-07
 447.454928545 2.546058807239085e-09
 447.154300942 4.913545124952916e-07
 446.49318485 5.1913886375302406e-08
 445.273084823 9.450223397560799e-08
 493.526657352 0.0003565030126077807
 475.656093904 4.290844702158825e-08
 474.052914815 1.1731599028021861e-07
 473.602539298 2.7529859258516855e-08
 469.575531549 1.1530188807848356e-07
 467.734020389 2.9200963506093877e-08
 466.682657723 5.471196135352022e-09
 466.082420278 1.1669691791765302e-08
 462.68767814 3.024367954939128e-08
 457.287929233 5.434461532833427e-08
 454.832012429 1.6803484910921857e-09
 452.941163572 3.328995496954708e-07
 450.921967168 1.8690598582536626e-07
 449.662200557 7.877683040992618e-08
 447.707267625 4.353117946424773e-09
 447.251861389 7.776067885741507e-08
 446.181942877 2.462390848961179e-08
 444.514794446 2.2074726635851422e-10
 443.067126287 1.9820228754005977e-08
 442.443503459 6.011640015951802e-09
